app/build/intermediates/manifest_merge_blame_file/release/processReleaseMainManifest/manifest-merger-blame-release-report.txt
1<?xml version="1.0" encoding="utf-8"?>
2<manifest xmlns:android="http://schemas.android.com/apk/res/android"
3    package="com.skilaparthi.scrollcat"
4    android:versionCode="1"
5    android:versionName="1.0" >
6
7    <uses-sdk
8        android:minSdkVersion="26"
9        android:targetSdkVersion="35" />
10
11    <uses-permission android:name="android.permission.SYSTEM_ALERT_WINDOW" />
11-->src/main/AndroidManifest.xml:4:5-78
11-->src/main/AndroidManifest.xml:4:22-75
12    <uses-permission android:name="android.permission.FOREGROUND_SERVICE" />
12-->src/main/AndroidManifest.xml:5:5-77
12-->src/main/AndroidManifest.xml:5:22-74
13    <uses-permission android:name="android.permission.FOREGROUND_SERVICE_SPECIAL_USE" />
13-->src/main/AndroidManifest.xml:6:5-89
13-->src/main/AndroidManifest.xml:6:22-86
14    <uses-permission android:name="android.permission.POST_NOTIFICATIONS" />
14-->src/main/AndroidManifest.xml:7:5-77
14-->src/main/AndroidManifest.xml:7:22-74
15    <uses-permission android:name="android.permission.RECORD_AUDIO" />
15-->src/main/AndroidManifest.xml:8:5-71
15-->src/main/AndroidManifest.xml:8:22-68
16    <!-- Claude API (Pro tier) -->
17    <uses-permission android:name="android.permission.INTERNET" />
17-->src/main/AndroidManifest.xml:10:5-67
17-->src/main/AndroidManifest.xml:10:22-64
18
19    <!-- Package visibility (API 30+): allow icon/label lookups for messaging apps -->
20    <queries>
20-->src/main/AndroidManifest.xml:13:5-43:15
21        <intent>
21-->src/main/AndroidManifest.xml:14:9-16:18
22            <action android:name="android.speech.RecognitionService" />
22-->src/main/AndroidManifest.xml:15:13-72
22-->src/main/AndroidManifest.xml:15:21-69
23        </intent>
24        <intent>
24-->src/main/AndroidManifest.xml:17:9-19:18
25            <action android:name="android.speech.action.RECOGNIZE_SPEECH" />
25-->src/main/AndroidManifest.xml:18:13-77
25-->src/main/AndroidManifest.xml:18:21-74
26        </intent>
27
28        <package android:name="com.whatsapp" />
28-->src/main/AndroidManifest.xml:20:9-48
28-->src/main/AndroidManifest.xml:20:18-45
29        <package android:name="com.whatsapp.w4b" />
29-->src/main/AndroidManifest.xml:21:9-52
29-->src/main/AndroidManifest.xml:21:18-49
30        <package android:name="org.telegram.messenger" />
30-->src/main/AndroidManifest.xml:22:9-58
30-->src/main/AndroidManifest.xml:22:18-55
31        <package android:name="com.instagram.android" />
31-->src/main/AndroidManifest.xml:23:9-57
31-->src/main/AndroidManifest.xml:23:18-54
32        <package android:name="com.google.android.gm" />
32-->src/main/AndroidManifest.xml:24:9-57
32-->src/main/AndroidManifest.xml:24:18-54
33        <package android:name="com.facebook.orca" />
33-->src/main/AndroidManifest.xml:25:9-53
33-->src/main/AndroidManifest.xml:25:18-50
34        <package android:name="com.snapchat.android" />
34-->src/main/AndroidManifest.xml:26:9-56
34-->src/main/AndroidManifest.xml:26:18-53
35        <package android:name="com.twitter.android" />
35-->src/main/AndroidManifest.xml:27:9-55
35-->src/main/AndroidManifest.xml:27:18-52
36        <package android:name="com.linkedin.android" />
36-->src/main/AndroidManifest.xml:28:9-56
36-->src/main/AndroidManifest.xml:28:18-53
37        <package android:name="com.microsoft.teams" />
37-->src/main/AndroidManifest.xml:29:9-55
37-->src/main/AndroidManifest.xml:29:18-52
38        <package android:name="us.zoom.videomeetings" />
38-->src/main/AndroidManifest.xml:30:9-57
38-->src/main/AndroidManifest.xml:30:18-54
39        <package android:name="org.thoughtcrime.securesms" />
39-->src/main/AndroidManifest.xml:31:9-62
39-->src/main/AndroidManifest.xml:31:18-59
40        <package android:name="com.slack" />
40-->src/main/AndroidManifest.xml:32:9-45
40-->src/main/AndroidManifest.xml:32:18-42
41        <package android:name="com.discord" />
41-->src/main/AndroidManifest.xml:33:9-47
41-->src/main/AndroidManifest.xml:33:18-44
42        <package android:name="com.microsoft.office.outlook" />
42-->src/main/AndroidManifest.xml:34:9-64
42-->src/main/AndroidManifest.xml:34:18-61
43        <package android:name="com.facebook.katana" />
43-->src/main/AndroidManifest.xml:35:9-55
43-->src/main/AndroidManifest.xml:35:18-52
44        <package android:name="com.samsung.android.messaging" />
44-->src/main/AndroidManifest.xml:36:9-65
44-->src/main/AndroidManifest.xml:36:18-62
45        <package android:name="com.google.android.apps.messaging" />
45-->src/main/AndroidManifest.xml:37:9-69
45-->src/main/AndroidManifest.xml:37:18-66
46        <package android:name="com.android.mms" />
46-->src/main/AndroidManifest.xml:38:9-51
46-->src/main/AndroidManifest.xml:38:18-48
47
48        <intent>
48-->src/main/AndroidManifest.xml:39:9-42:18
49            <action android:name="android.intent.action.MAIN" />
49-->src/main/AndroidManifest.xml:40:13-65
49-->src/main/AndroidManifest.xml:40:21-62
50
51            <category android:name="android.intent.category.LAUNCHER" />
51-->src/main/AndroidManifest.xml:41:13-73
51-->src/main/AndroidManifest.xml:41:23-70
52        </intent>
53
54        <package android:name="com.google.android.aicore" />
54-->[com.google.mlkit:genai-prompt:1.0.0-beta2] AndroidManifest.xml:12:9-61
54-->[com.google.mlkit:genai-prompt:1.0.0-beta2] AndroidManifest.xml:12:18-58
55
56        <intent>
56-->[com.android.billingclient:billing:6.2.1] AndroidManifest.xml:13:9-15:18
57            <action android:name="com.android.vending.billing.InAppBillingService.BIND" />
57-->[com.android.billingclient:billing:6.2.1] AndroidManifest.xml:14:13-91
57-->[com.android.billingclient:billing:6.2.1] AndroidManifest.xml:14:21-88
58        </intent>
59    </queries>
60
61    <uses-permission android:name="android.permission.ACCESS_NETWORK_STATE" />
61-->[com.google.mlkit:translate:17.0.3] AndroidManifest.xml:7:5-79
61-->[com.google.mlkit:translate:17.0.3] AndroidManifest.xml:7:22-76
62    <uses-permission android:name="com.google.android.apps.aicore.service.BIND_SERVICE" />
62-->[com.google.mlkit:genai-prompt:1.0.0-beta2] AndroidManifest.xml:9:5-91
62-->[com.google.mlkit:genai-prompt:1.0.0-beta2] AndroidManifest.xml:9:22-88
63    <uses-permission android:name="com.android.vending.BILLING" />
63-->[com.android.billingclient:billing:6.2.1] AndroidManifest.xml:10:5-67
63-->[com.android.billingclient:billing:6.2.1] AndroidManifest.xml:10:22-64
64    <uses-permission android:name="android.permission.WAKE_LOCK" />
64-->[com.google.android.gms:play-services-measurement:23.2.0] AndroidManifest.xml:25:5-68
64-->[com.google.android.gms:play-services-measurement:23.2.0] AndroidManifest.xml:25:22-65
65    <uses-permission android:name="com.google.android.finsky.permission.BIND_GET_INSTALL_REFERRER_SERVICE" />
65-->[com.google.android.gms:play-services-measurement:23.2.0] AndroidManifest.xml:26:5-110
65-->[com.google.android.gms:play-services-measurement:23.2.0] AndroidManifest.xml:26:22-107
66    <uses-permission android:name="com.google.android.gms.permission.AD_ID" />
66-->[com.google.android.gms:play-services-measurement-impl:23.2.0] AndroidManifest.xml:27:5-79
66-->[com.google.android.gms:play-services-measurement-impl:23.2.0] AndroidManifest.xml:27:22-76
67    <uses-permission android:name="android.permission.ACCESS_ADSERVICES_ATTRIBUTION" />
67-->[com.google.android.gms:play-services-measurement-api:23.2.0] AndroidManifest.xml:26:5-88
67-->[com.google.android.gms:play-services-measurement-api:23.2.0] AndroidManifest.xml:26:22-85
68    <uses-permission android:name="android.permission.ACCESS_ADSERVICES_AD_ID" />
68-->[com.google.android.gms:play-services-measurement-api:23.2.0] AndroidManifest.xml:27:5-82
68-->[com.google.android.gms:play-services-measurement-api:23.2.0] AndroidManifest.xml:27:22-79
69
70    <permission
70-->[androidx.core:core:1.13.1] AndroidManifest.xml:22:5-24:47
71        android:name="com.skilaparthi.scrollcat.DYNAMIC_RECEIVER_NOT_EXPORTED_PERMISSION"
71-->[androidx.core:core:1.13.1] AndroidManifest.xml:23:9-81
72        android:protectionLevel="signature" />
72-->[androidx.core:core:1.13.1] AndroidManifest.xml:24:9-44
73
74    <uses-permission android:name="com.skilaparthi.scrollcat.DYNAMIC_RECEIVER_NOT_EXPORTED_PERMISSION" />
74-->[androidx.core:core:1.13.1] AndroidManifest.xml:26:5-97
74-->[androidx.core:core:1.13.1] AndroidManifest.xml:26:22-94
75
76    <application
76-->src/main/AndroidManifest.xml:45:5-210:19
77        android:name="com.skilaparthi.scrollcat.MainApplication"
77-->src/main/AndroidManifest.xml:46:9-40
78        android:allowBackup="true"
78-->src/main/AndroidManifest.xml:47:9-35
79        android:appComponentFactory="androidx.core.app.CoreComponentFactory"
79-->[androidx.core:core:1.13.1] AndroidManifest.xml:28:18-86
80        android:dataExtractionRules="@xml/data_extraction_rules"
80-->src/main/AndroidManifest.xml:49:9-65
81        android:extractNativeLibs="true"
82        android:fullBackupContent="@xml/backup_rules"
82-->src/main/AndroidManifest.xml:48:9-54
83        android:icon="@mipmap/ic_launcher"
83-->src/main/AndroidManifest.xml:50:9-43
84        android:label="@string/app_name"
84-->src/main/AndroidManifest.xml:51:9-41
85        android:theme="@style/Theme.ScrollCat" >
85-->src/main/AndroidManifest.xml:52:9-47
86
87        <!-- Required for LiteRT-LM / GPU OpenCL access on API 31+ -->
88        <uses-native-library
88-->src/main/AndroidManifest.xml:55:9-57:40
89            android:name="libOpenCL.so"
89-->src/main/AndroidManifest.xml:56:13-40
90            android:required="false" />
90-->src/main/AndroidManifest.xml:57:13-37
91        <uses-native-library
91-->src/main/AndroidManifest.xml:55:9-57:40
92            android:name="libOpenCL-car.so"
92-->src/main/AndroidManifest.xml:56:13-40
93            android:required="false" />
93-->src/main/AndroidManifest.xml:57:13-37
94        <uses-native-library
94-->src/main/AndroidManifest.xml:55:9-57:40
95            android:name="libOpenCL-pixel.so"
95-->src/main/AndroidManifest.xml:56:13-40
96            android:required="false" />
96-->src/main/AndroidManifest.xml:57:13-37
97
98        <activity
98-->src/main/AndroidManifest.xml:65:9-73:20
99            android:name="com.skilaparthi.scrollcat.SplashActivity"
99-->src/main/AndroidManifest.xml:66:13-43
100            android:exported="true"
100-->src/main/AndroidManifest.xml:67:13-36
101            android:theme="@android:style/Theme.Black.NoTitleBar.Fullscreen" >
101-->src/main/AndroidManifest.xml:68:13-77
102            <intent-filter>
102-->src/main/AndroidManifest.xml:69:13-72:29
103                <action android:name="android.intent.action.MAIN" />
103-->src/main/AndroidManifest.xml:40:13-65
103-->src/main/AndroidManifest.xml:40:21-62
104
105                <category android:name="android.intent.category.LAUNCHER" />
105-->src/main/AndroidManifest.xml:41:13-73
105-->src/main/AndroidManifest.xml:41:23-70
106            </intent-filter>
107        </activity>
108        <activity
108-->src/main/AndroidManifest.xml:75:9-78:20
109            android:name="com.skilaparthi.scrollcat.MainActivity"
109-->src/main/AndroidManifest.xml:76:13-41
110            android:exported="false" >
110-->src/main/AndroidManifest.xml:77:13-37
111        </activity>
112        <activity
112-->src/main/AndroidManifest.xml:80:9-84:58
113            android:name="com.skilaparthi.scrollcat.NotificationSettingsActivity"
113-->src/main/AndroidManifest.xml:81:13-57
114            android:exported="false"
114-->src/main/AndroidManifest.xml:82:13-37
115            android:label="Notification Settings"
115-->src/main/AndroidManifest.xml:83:13-50
116            android:windowSoftInputMode="adjustResize" />
116-->src/main/AndroidManifest.xml:84:13-55
117        <activity
117-->src/main/AndroidManifest.xml:86:9-89:40
118            android:name="com.skilaparthi.scrollcat.SettingsActivity"
118-->src/main/AndroidManifest.xml:87:13-45
119            android:exported="false"
119-->src/main/AndroidManifest.xml:88:13-37
120            android:label="Settings" />
120-->src/main/AndroidManifest.xml:89:13-37
121        <activity
121-->src/main/AndroidManifest.xml:91:9-94:58
122            android:name="com.skilaparthi.scrollcat.AiProviderActivity"
122-->src/main/AndroidManifest.xml:92:13-47
123            android:exported="false"
123-->src/main/AndroidManifest.xml:93:13-37
124            android:windowSoftInputMode="adjustResize" />
124-->src/main/AndroidManifest.xml:94:13-55
125        <activity
125-->src/main/AndroidManifest.xml:96:9-100:58
126            android:name="com.skilaparthi.scrollcat.AiSetupActivity"
126-->src/main/AndroidManifest.xml:97:13-44
127            android:exported="false"
127-->src/main/AndroidManifest.xml:98:13-37
128            android:label="Set up AI"
128-->src/main/AndroidManifest.xml:99:13-38
129            android:windowSoftInputMode="adjustResize" />
129-->src/main/AndroidManifest.xml:100:13-55
130        <activity
130-->src/main/AndroidManifest.xml:102:9-106:58
131            android:name="com.skilaparthi.scrollcat.AiSettingsActivity"
131-->src/main/AndroidManifest.xml:103:13-47
132            android:exported="false"
132-->src/main/AndroidManifest.xml:104:13-37
133            android:label="My AI Settings"
133-->src/main/AndroidManifest.xml:105:13-43
134            android:windowSoftInputMode="adjustResize" />
134-->src/main/AndroidManifest.xml:106:13-55
135        <activity
135-->src/main/AndroidManifest.xml:108:9-112:58
136            android:name="com.skilaparthi.scrollcat.AutoReplyActivity"
136-->src/main/AndroidManifest.xml:109:13-46
137            android:exported="false"
137-->src/main/AndroidManifest.xml:110:13-37
138            android:label="Auto-Reply Rules"
138-->src/main/AndroidManifest.xml:111:13-45
139            android:windowSoftInputMode="adjustResize" />
139-->src/main/AndroidManifest.xml:112:13-55
140        <activity
140-->src/main/AndroidManifest.xml:114:9-118:58
141            android:name="com.skilaparthi.scrollcat.SmartVoiceActivity"
141-->src/main/AndroidManifest.xml:115:13-47
142            android:exported="false"
142-->src/main/AndroidManifest.xml:116:13-37
143            android:label="Smart Voice"
143-->src/main/AndroidManifest.xml:117:13-40
144            android:windowSoftInputMode="adjustResize" />
144-->src/main/AndroidManifest.xml:118:13-55
145        <activity
145-->src/main/AndroidManifest.xml:120:9-123:50
146            android:name="com.skilaparthi.scrollcat.AutoReplyTrackerActivity"
146-->src/main/AndroidManifest.xml:121:13-53
147            android:exported="false"
147-->src/main/AndroidManifest.xml:122:13-37
148            android:label="Auto Reply Tracker" />
148-->src/main/AndroidManifest.xml:123:13-47
149        <activity
149-->src/main/AndroidManifest.xml:125:9-129:58
150            android:name="com.skilaparthi.scrollcat.FeedbackActivity"
150-->src/main/AndroidManifest.xml:126:13-45
151            android:exported="false"
151-->src/main/AndroidManifest.xml:127:13-37
152            android:label="Give Feedback"
152-->src/main/AndroidManifest.xml:128:13-42
153            android:windowSoftInputMode="adjustResize" />
153-->src/main/AndroidManifest.xml:129:13-55
154        <activity
154-->src/main/AndroidManifest.xml:131:9-135:58
155            android:name="com.skilaparthi.scrollcat.OnboardingActivity"
155-->src/main/AndroidManifest.xml:132:13-47
156            android:exported="false"
156-->src/main/AndroidManifest.xml:133:13-37
157            android:label="Welcome to ScrollCat"
157-->src/main/AndroidManifest.xml:134:13-49
158            android:windowSoftInputMode="adjustResize" />
158-->src/main/AndroidManifest.xml:135:13-55
159        <activity
159-->src/main/AndroidManifest.xml:137:9-140:45
160            android:name="com.skilaparthi.scrollcat.SubscriptionActivity"
160-->src/main/AndroidManifest.xml:138:13-49
161            android:exported="false"
161-->src/main/AndroidManifest.xml:139:13-37
162            android:label="ScrollCat Pro" />
162-->src/main/AndroidManifest.xml:140:13-42
163        <activity
163-->src/main/AndroidManifest.xml:142:9-145:46
164            android:name="com.skilaparthi.scrollcat.PrivacyPolicyActivity"
164-->src/main/AndroidManifest.xml:143:13-50
165            android:exported="false"
165-->src/main/AndroidManifest.xml:144:13-37
166            android:label="Privacy Policy" />
166-->src/main/AndroidManifest.xml:145:13-43
167        <activity
167-->src/main/AndroidManifest.xml:147:9-150:54
168            android:name="com.skilaparthi.scrollcat.PrivacySecurityActivity"
168-->src/main/AndroidManifest.xml:148:13-52
169            android:exported="false"
169-->src/main/AndroidManifest.xml:149:13-37
170            android:label="Privacy &amp; Security" />
170-->src/main/AndroidManifest.xml:150:13-51
171        <activity
171-->src/main/AndroidManifest.xml:152:9-155:46
172            android:name="com.skilaparthi.scrollcat.ShareCardActivity"
172-->src/main/AndroidManifest.xml:153:13-46
173            android:exported="false"
173-->src/main/AndroidManifest.xml:154:13-37
174            android:label="Share My Stats" />
174-->src/main/AndroidManifest.xml:155:13-43
175        <activity
175-->src/main/AndroidManifest.xml:157:9-163:75
176            android:name="com.skilaparthi.scrollcat.RecordAudioPermissionActivity"
176-->src/main/AndroidManifest.xml:158:13-58
177            android:excludeFromRecents="true"
177-->src/main/AndroidManifest.xml:161:13-46
178            android:exported="false"
178-->src/main/AndroidManifest.xml:159:13-37
179            android:noHistory="true"
179-->src/main/AndroidManifest.xml:162:13-37
180            android:taskAffinity=""
180-->src/main/AndroidManifest.xml:160:13-36
181            android:theme="@android:style/Theme.Translucent.NoTitleBar" />
181-->src/main/AndroidManifest.xml:163:13-72
182
183        <provider
184            android:name="androidx.core.content.FileProvider"
184-->src/main/AndroidManifest.xml:166:13-62
185            android:authorities="com.skilaparthi.scrollcat.fileprovider"
185-->src/main/AndroidManifest.xml:167:13-64
186            android:exported="false"
186-->src/main/AndroidManifest.xml:168:13-37
187            android:grantUriPermissions="true" >
187-->src/main/AndroidManifest.xml:169:13-47
188            <meta-data
188-->src/main/AndroidManifest.xml:170:13-172:54
189                android:name="android.support.FILE_PROVIDER_PATHS"
189-->src/main/AndroidManifest.xml:171:17-67
190                android:resource="@xml/file_paths" />
190-->src/main/AndroidManifest.xml:172:17-51
191        </provider>
192
193        <!-- The floating cat overlay -->
194        <service
194-->src/main/AndroidManifest.xml:176:9-183:19
195            android:name="com.skilaparthi.scrollcat.OverlayService"
195-->src/main/AndroidManifest.xml:177:13-43
196            android:exported="false"
196-->src/main/AndroidManifest.xml:178:13-37
197            android:foregroundServiceType="specialUse" >
197-->src/main/AndroidManifest.xml:179:13-55
198            <property
198-->src/main/AndroidManifest.xml:180:13-182:91
199                android:name="android.app.PROPERTY_SPECIAL_USE_FGS_SUBTYPE"
199-->src/main/AndroidManifest.xml:181:17-76
200                android:value="Floating companion overlay that the user interacts with" />
200-->src/main/AndroidManifest.xml:182:17-88
201        </service>
202
203        <!--
204             The gesture injector. permission + meta-data are BOTH required
205             or the service silently won't appear in Accessibility settings
206        -->
207        <service
207-->src/main/AndroidManifest.xml:187:9-198:19
208            android:name="com.skilaparthi.scrollcat.CatAccessibilityService"
208-->src/main/AndroidManifest.xml:188:13-52
209            android:exported="false"
209-->src/main/AndroidManifest.xml:189:13-37
210            android:label="@string/accessibility_service_label"
210-->src/main/AndroidManifest.xml:190:13-64
211            android:permission="android.permission.BIND_ACCESSIBILITY_SERVICE" >
211-->src/main/AndroidManifest.xml:191:13-79
212            <intent-filter>
212-->src/main/AndroidManifest.xml:192:13-194:29
213                <action android:name="android.accessibilityservice.AccessibilityService" />
213-->src/main/AndroidManifest.xml:193:17-92
213-->src/main/AndroidManifest.xml:193:25-89
214            </intent-filter>
215
216            <meta-data
216-->src/main/AndroidManifest.xml:195:13-197:72
217                android:name="android.accessibilityservice"
217-->src/main/AndroidManifest.xml:196:17-60
218                android:resource="@xml/accessibility_service_config" />
218-->src/main/AndroidManifest.xml:197:17-69
219        </service>
220        <service
220-->src/main/AndroidManifest.xml:200:9-208:19
221            android:name="com.skilaparthi.scrollcat.CatNotificationListener"
221-->src/main/AndroidManifest.xml:201:13-52
222            android:exported="false"
222-->src/main/AndroidManifest.xml:202:13-37
223            android:label="ScrollCat Notification Reader"
223-->src/main/AndroidManifest.xml:203:13-58
224            android:permission="android.permission.BIND_NOTIFICATION_LISTENER_SERVICE" >
224-->src/main/AndroidManifest.xml:204:13-87
225            <intent-filter>
225-->src/main/AndroidManifest.xml:205:13-207:29
226                <action android:name="android.service.notification.NotificationListenerService" />
226-->src/main/AndroidManifest.xml:206:17-99
226-->src/main/AndroidManifest.xml:206:25-96
227            </intent-filter>
228        </service>
229        <service
229-->[com.google.mlkit:translate:17.0.3] AndroidManifest.xml:11:9-17:19
230            android:name="com.google.mlkit.common.internal.MlKitComponentDiscoveryService"
230-->[com.google.mlkit:translate:17.0.3] AndroidManifest.xml:12:13-91
231            android:directBootAware="true"
231-->[com.google.mlkit:common:18.11.0] AndroidManifest.xml:17:13-43
232            android:exported="false" >
232-->[com.google.mlkit:translate:17.0.3] AndroidManifest.xml:13:13-37
233            <meta-data
233-->[com.google.mlkit:translate:17.0.3] AndroidManifest.xml:14:13-16:85
234                android:name="com.google.firebase.components:com.google.mlkit.nl.translate.NaturalLanguageTranslateRegistrar"
234-->[com.google.mlkit:translate:17.0.3] AndroidManifest.xml:15:17-126
235                android:value="com.google.firebase.components.ComponentRegistrar" />
235-->[com.google.mlkit:translate:17.0.3] AndroidManifest.xml:16:17-82
236            <meta-data
236-->[com.google.mlkit:smart-reply:17.0.4] AndroidManifest.xml:26:13-28:85
237                android:name="com.google.firebase.components:com.google.mlkit.nl.smartreply.bundled.internal.ThickSmartReplyRegistrar"
237-->[com.google.mlkit:smart-reply:17.0.4] AndroidManifest.xml:27:17-135
238                android:value="com.google.firebase.components.ComponentRegistrar" />
238-->[com.google.mlkit:smart-reply:17.0.4] AndroidManifest.xml:28:17-82
239            <meta-data
239-->[com.google.mlkit:language-id:17.0.6] AndroidManifest.xml:11:13-13:85
240                android:name="com.google.firebase.components:com.google.mlkit.nl.languageid.bundled.internal.ThickLanguageIdRegistrar"
240-->[com.google.mlkit:language-id:17.0.6] AndroidManifest.xml:12:17-135
241                android:value="com.google.firebase.components.ComponentRegistrar" />
241-->[com.google.mlkit:language-id:17.0.6] AndroidManifest.xml:13:17-82
242            <meta-data
242-->[com.google.mlkit:smart-reply-common:16.1.0] AndroidManifest.xml:26:13-28:85
243                android:name="com.google.firebase.components:com.google.mlkit.nl.smartreply.internal.SmartReplyRegistrar"
243-->[com.google.mlkit:smart-reply-common:16.1.0] AndroidManifest.xml:27:17-122
244                android:value="com.google.firebase.components.ComponentRegistrar" />
244-->[com.google.mlkit:smart-reply-common:16.1.0] AndroidManifest.xml:28:17-82
245            <meta-data
245-->[com.google.mlkit:language-id-common:16.1.0] AndroidManifest.xml:26:13-28:85
246                android:name="com.google.firebase.components:com.google.mlkit.nl.languageid.internal.LanguageIdRegistrar"
246-->[com.google.mlkit:language-id-common:16.1.0] AndroidManifest.xml:27:17-122
247                android:value="com.google.firebase.components.ComponentRegistrar" />
247-->[com.google.mlkit:language-id-common:16.1.0] AndroidManifest.xml:28:17-82
248            <meta-data
248-->[com.google.mlkit:common:18.11.0] AndroidManifest.xml:20:13-22:85
249                android:name="com.google.firebase.components:com.google.mlkit.common.internal.CommonComponentRegistrar"
249-->[com.google.mlkit:common:18.11.0] AndroidManifest.xml:21:17-120
250                android:value="com.google.firebase.components.ComponentRegistrar" />
250-->[com.google.mlkit:common:18.11.0] AndroidManifest.xml:22:17-82
251        </service>
252
253        <provider
253-->[com.google.mlkit:common:18.11.0] AndroidManifest.xml:9:9-13:38
254            android:name="com.google.mlkit.common.internal.MlKitInitProvider"
254-->[com.google.mlkit:common:18.11.0] AndroidManifest.xml:10:13-78
255            android:authorities="com.skilaparthi.scrollcat.mlkitinitprovider"
255-->[com.google.mlkit:common:18.11.0] AndroidManifest.xml:11:13-69
256            android:exported="false"
256-->[com.google.mlkit:common:18.11.0] AndroidManifest.xml:12:13-37
257            android:initOrder="99" />
257-->[com.google.mlkit:common:18.11.0] AndroidManifest.xml:13:13-35
258
259        <meta-data
259-->[com.android.billingclient:billing:6.2.1] AndroidManifest.xml:19:9-21:37
260            android:name="com.google.android.play.billingclient.version"
260-->[com.android.billingclient:billing:6.2.1] AndroidManifest.xml:20:13-73
261            android:value="6.2.1" />
261-->[com.android.billingclient:billing:6.2.1] AndroidManifest.xml:21:13-34
262
263        <activity
263-->[com.android.billingclient:billing:6.2.1] AndroidManifest.xml:23:9-27:75
264            android:name="com.android.billingclient.api.ProxyBillingActivity"
264-->[com.android.billingclient:billing:6.2.1] AndroidManifest.xml:24:13-78
265            android:configChanges="keyboard|keyboardHidden|screenLayout|screenSize|orientation"
265-->[com.android.billingclient:billing:6.2.1] AndroidManifest.xml:25:13-96
266            android:exported="false"
266-->[com.android.billingclient:billing:6.2.1] AndroidManifest.xml:26:13-37
267            android:theme="@android:style/Theme.Translucent.NoTitleBar" />
267-->[com.android.billingclient:billing:6.2.1] AndroidManifest.xml:27:13-72
268        <activity
268-->[com.android.billingclient:billing:6.2.1] AndroidManifest.xml:28:9-32:75
269            android:name="com.android.billingclient.api.ProxyBillingActivityV2"
269-->[com.android.billingclient:billing:6.2.1] AndroidManifest.xml:29:13-80
270            android:configChanges="keyboard|keyboardHidden|screenLayout|screenSize|orientation"
270-->[com.android.billingclient:billing:6.2.1] AndroidManifest.xml:30:13-96
271            android:exported="false"
271-->[com.android.billingclient:billing:6.2.1] AndroidManifest.xml:31:13-37
272            android:theme="@android:style/Theme.Translucent.NoTitleBar" />
272-->[com.android.billingclient:billing:6.2.1] AndroidManifest.xml:32:13-72
273
274        <receiver
274-->[com.google.android.gms:play-services-measurement:23.2.0] AndroidManifest.xml:29:9-33:20
275            android:name="com.google.android.gms.measurement.AppMeasurementReceiver"
275-->[com.google.android.gms:play-services-measurement:23.2.0] AndroidManifest.xml:30:13-85
276            android:enabled="true"
276-->[com.google.android.gms:play-services-measurement:23.2.0] AndroidManifest.xml:31:13-35
277            android:exported="false" >
277-->[com.google.android.gms:play-services-measurement:23.2.0] AndroidManifest.xml:32:13-37
278        </receiver>
279
280        <service
280-->[com.google.android.gms:play-services-measurement:23.2.0] AndroidManifest.xml:35:9-38:40
281            android:name="com.google.android.gms.measurement.AppMeasurementService"
281-->[com.google.android.gms:play-services-measurement:23.2.0] AndroidManifest.xml:36:13-84
282            android:enabled="true"
282-->[com.google.android.gms:play-services-measurement:23.2.0] AndroidManifest.xml:37:13-35
283            android:exported="false" />
283-->[com.google.android.gms:play-services-measurement:23.2.0] AndroidManifest.xml:38:13-37
284        <service
284-->[com.google.android.gms:play-services-measurement:23.2.0] AndroidManifest.xml:39:9-43:72
285            android:name="com.google.android.gms.measurement.AppMeasurementJobService"
285-->[com.google.android.gms:play-services-measurement:23.2.0] AndroidManifest.xml:40:13-87
286            android:enabled="true"
286-->[com.google.android.gms:play-services-measurement:23.2.0] AndroidManifest.xml:41:13-35
287            android:exported="false"
287-->[com.google.android.gms:play-services-measurement:23.2.0] AndroidManifest.xml:42:13-37
288            android:permission="android.permission.BIND_JOB_SERVICE" />
288-->[com.google.android.gms:play-services-measurement:23.2.0] AndroidManifest.xml:43:13-69
289
290        <activity
290-->[com.google.android.gms:play-services-base:18.5.0] AndroidManifest.xml:5:9-173
291            android:name="com.google.android.gms.common.api.GoogleApiActivity"
291-->[com.google.android.gms:play-services-base:18.5.0] AndroidManifest.xml:5:19-85
292            android:exported="false"
292-->[com.google.android.gms:play-services-base:18.5.0] AndroidManifest.xml:5:146-170
293            android:theme="@android:style/Theme.Translucent.NoTitleBar" />
293-->[com.google.android.gms:play-services-base:18.5.0] AndroidManifest.xml:5:86-145
294
295        <provider
295-->[androidx.emoji2:emoji2:1.3.0] AndroidManifest.xml:24:9-32:20
296            android:name="androidx.startup.InitializationProvider"
296-->[androidx.emoji2:emoji2:1.3.0] AndroidManifest.xml:25:13-67